Traceback (most recent call last):
  File "/home/statiksmoke8/miniconda3/envs/gremlin-dashboard/lib/python3.10/runpy.py", line 196, in _run_module_as_main
    return _run_code(code, main_globals, None,
  File "/home/statiksmoke8/miniconda3/envs/gremlin-dashboard/lib/python3.10/runpy.py", line 86, in _run_code
    exec(code, run_globals)
  File "/home/statiksmoke8/backend/server.py", line 14, in <module>
    from backend.router import register_routes
  File "/home/statiksmoke8/backend/router.py", line 15, in <module>
    from backend.api import chat_handler, memory_api, scraping_api, planner
  File "/home/statiksmoke8/backend/api/chat_handler.py", line 14, in <module>
    from backend.interface import commands
  File "/home/statiksmoke8/backend/interface/commands.py", line 17, in <module>
    import faiss  # type: ignore
ModuleNotFoundError: No module named 'faiss'
Traceback (most recent call last):
  File "/home/statiksmoke8/miniconda3/envs/gremlin-dashboard/lib/python3.10/runpy.py", line 196, in _run_module_as_main
    return _run_code(code, main_globals, None,
  File "/home/statiksmoke8/miniconda3/envs/gremlin-dashboard/lib/python3.10/runpy.py", line 86, in _run_code
    exec(code, run_globals)
  File "/home/statiksmoke8/backend/server.py", line 14, in <module>
    from backend.router import register_routes
  File "/home/statiksmoke8/backend/router.py", line 15, in <module>
    from backend.api import chat_handler, memory_api, scraping_api, planner
  File "/home/statiksmoke8/backend/api/chat_handler.py", line 14, in <module>
    from backend.interface import commands
  File "/home/statiksmoke8/backend/interface/commands.py", line 17, in <module>
    import faiss  # type: ignore
ModuleNotFoundError: No module named 'faiss'
2025-07-10 18:54:31.245 | ERROR    | backend.interface.commands:<module>:25 - [EMBEDDER] chromadb import failed: No module named 'chromadb'
2025-07-10 18:54:33.647 | INFO     | backend.globals:<module>:64 - [GLOBALS] Configuration loaded and logger initialized.
2025-07-10 18:54:34.230 | ERROR    | nlp_engine.transformer_core:<module>:35 - [TRANSFORMER] Failed to load model 'bert-base-uncased': CUDA unknown error - this may be due to an incorrectly set up environment, e.g. changing env variable CUDA_VISIBLE_DEVICES after program start. Setting the available devices to be zero.
2025-07-10 18:54:34.233 | INFO     | backend.interface.commands:<module>:113 - [FAISS] Initialized new IndexFlatL2
/home/statiksmoke8/miniconda3/envs/gremlin-dashboard/lib/python3.10/site-packages/torch/cuda/__init__.py:174: UserWarning: CUDA initialization: CUDA unknown error - this may be due to an incorrectly set up environment, e.g. changing env variable CUDA_VISIBLE_DEVICES after program start. Setting the available devices to be zero. (Triggered internally at /pytorch/c10/cuda/CUDAFunctions.cpp:109.)
  return torch._C._cuda_getDeviceCount() > 0
2025-07-10 18:54:35.616 | INFO     | backend.interface.commands:<module>:135 - [EMBEDDER] Loaded model: all-MiniLM-L6-v2
2025-07-10 18:54:35.622 | INFO     | backend.interface.commands:<module>:281 - [EMBEDDER] Initial disk load complete
2025-07-10 18:54:35.623 | ERROR    | memory.vector_store.embedder:<module>:28 - [EMBEDDER] chromadb import failed: No module named 'chromadb'
2025-07-10 18:54:35.623 | INFO     | memory.vector_store.embedder:<module>:115 - [FAISS] Initialized new IndexFlatL2
2025-07-10 18:54:36.834 | INFO     | memory.vector_store.embedder:<module>:137 - [EMBEDDER] Loaded model: all-MiniLM-L6-v2
2025-07-10 18:54:36.840 | INFO     | memory.vector_store.embedder:<module>:279 - [EMBEDDER] Initial disk load complete
[nltk_data] Downloading package punkt to /home/statiksmoke8/AscendNet/
[nltk_data]     server/AscendAI/GremlinGPT/data/nltk_data...
[nltk_data]   Package punkt is already up-to-date!
[nltk_data] Downloading package punkt to
[nltk_data]     /home/statiksmoke8/data/nltk_data...
[nltk_data]   Package punkt is already up-to-date!
2025-07-10 18:54:37.383 | SUCCESS  | nlp_engine.tokenizer:<module>:31 - [TOKENIZER] Loaded: bert-base-uncased
2025-07-10 18:54:37.383 | WARNING  | agent_core.task_queue:_load_snapshot:163 - [TaskQueue] Failed to load queue snapshot: Expecting ',' delimiter: line 24 column 1 (char 756)
[SCRAPER_LOOP] Import error: No module named 'playwright'
